Performing C++ SOURCE FILE Test HAS_XHOST failed with the following output:
Change Dir: /home/ward/Documents/phd/CheMPS2/build/CMakeFiles/CMakeTmp

Run Build Command:/usr/bin/gmake "cmTryCompileExec1779523733/fast"
/usr/bin/gmake -f CMakeFiles/cmTryCompileExec1779523733.dir/build.make CMakeFiles/cmTryCompileExec1779523733.dir/build
gmake[1]: Entering directory `/home/ward/Documents/phd/CheMPS2/build/CMakeFiles/CMakeTmp'
/usr/bin/cmake -E cmake_progress_report /home/ward/Documents/phd/CheMPS2/build/CMakeFiles/CMakeTmp/CMakeFiles 1
Building CXX object CMakeFiles/cmTryCompileExec1779523733.dir/src.cxx.o
/usr/lib64/ccache/c++    -fopenmp -DHAS_XHOST   -xHost -o CMakeFiles/cmTryCompileExec1779523733.dir/src.cxx.o -c /home/ward/Documents/phd/CheMPS2/build/CMakeFiles/CMakeTmp/src.cxx
c++: error: language Host not recognized
c++: error: language Host not recognized
gmake[1]: Leaving directory `/home/ward/Documents/phd/CheMPS2/build/CMakeFiles/CMakeTmp'
gmake[1]: *** [CMakeFiles/cmTryCompileExec1779523733.dir/src.cxx.o] Error 1
gmake: *** [cmTryCompileExec1779523733/fast] Error 2

Source file was:
int main() { return 0;}
Performing C++ SOURCE FILE Test HAS_IPO failed with the following output:
Change Dir: /home/ward/Documents/phd/CheMPS2/build/CMakeFiles/CMakeTmp

Run Build Command:/usr/bin/gmake "cmTryCompileExec2622088828/fast"
/usr/bin/gmake -f CMakeFiles/cmTryCompileExec2622088828.dir/build.make CMakeFiles/cmTryCompileExec2622088828.dir/build
gmake[1]: Entering directory `/home/ward/Documents/phd/CheMPS2/build/CMakeFiles/CMakeTmp'
/usr/bin/cmake -E cmake_progress_report /home/ward/Documents/phd/CheMPS2/build/CMakeFiles/CMakeTmp/CMakeFiles 1
Building CXX object CMakeFiles/cmTryCompileExec2622088828.dir/src.cxx.o
/usr/lib64/ccache/c++    -fopenmp -march=native -DHAS_IPO   -ipo -o CMakeFiles/cmTryCompileExec2622088828.dir/src.cxx.o -c /home/ward/Documents/phd/CheMPS2/build/CMakeFiles/CMakeTmp/src.cxx
c++: error: unrecognized command line option '-ipo'
gmake[1]: *** [CMakeFiles/cmTryCompileExec2622088828.dir/src.cxx.o] Error 1
gmake[1]: Leaving directory `/home/ward/Documents/phd/CheMPS2/build/CMakeFiles/CMakeTmp'
gmake: *** [cmTryCompileExec2622088828/fast] Error 2

Source file was:
int main() { return 0;}
